<?xml version="1.0" encoding="UTF-8"?>
<testng-results ignored="0" total="2" passed="2" failed="0" skipped="0">
  <reporter-output>
  </reporter-output>
  <suite started-at="2021-07-26T06:26:39 IST" name="Suite" finished-at="2021-07-26T06:26:47 IST" duration-ms="7929">
    <groups>
    </groups>
    <test started-at="2021-07-26T06:26:39 IST" name="Test" finished-at="2021-07-26T06:26:47 IST" duration-ms="7929">
      <class name="firstTest.NewTest">
        <test-method signature="f()[pri:0, instance:firstTest.NewTest@5ba3f27a]" started-at="2021-07-26T06:26:47 IST" name="f" finished-at="2021-07-26T06:26:47 IST" duration-ms="2" status="PASS">
          <reporter-output>
          </reporter-output>
        </test-method> <!-- f -->
      </class> <!-- firstTest.NewTest -->
      <class name="firstTest.firstSelenium">
        <test-method signature="step1()[pri:0, instance:firstTest.firstSelenium@169e6180]" started-at="2021-07-26T06:26:39 IST" name="step1" finished-at="2021-07-26T06:26:47 IST" duration-ms="7808" status="PASS">
          <reporter-output>
          </reporter-output>
        </test-method> <!-- step1 -->
      </class> <!-- firstTest.firstSelenium -->
    </test> <!-- Test -->
  </suite> <!-- Suite -->
</testng-results>
