<?xml version="1.0" encoding="UTF-8"?>
<testng-results ignored="0" total="1" passed="1" failed="0" skipped="0">
  <reporter-output>
  </reporter-output>
  <suite started-at="2021-07-30T02:51:37 IST" name="Default suite" finished-at="2021-07-30T02:51:57 IST" duration-ms="20463">
    <groups>
    </groups>
    <test started-at="2021-07-30T02:51:37 IST" name="Default test" finished-at="2021-07-30T02:51:57 IST" duration-ms="20463">
      <class name="firstTest.firstSelenium">
        <test-method signature="step1()[pri:0, instance:firstTest.firstSelenium@48aca48b]" started-at="2021-07-30T02:51:38 IST" name="step1" finished-at="2021-07-30T02:51:57 IST" duration-ms="19362" status="PASS">
          <reporter-output>
          </reporter-output>
        </test-method> <!-- step1 -->
      </class> <!-- firstTest.firstSelenium -->
    </test> <!-- Default test -->
  </suite> <!-- Default suite -->
</testng-results>
